<?xml version="1.0" encoding="UTF-8"?>
<testng-results ignored="0" total="1" passed="1" failed="0" skipped="0">
  <reporter-output>
  </reporter-output>
  <suite started-at="2023-01-21T21:20:12 EST" name="Surefire suite" finished-at="2023-01-21T21:20:12 EST" duration-ms="57">
    <groups>
    </groups>
    <test started-at="2023-01-21T21:20:12 EST" name="Surefire test" finished-at="2023-01-21T21:20:12 EST" duration-ms="57">
      <class name="com.bezkoder.springjwt.SpringBootSecurityJwtApplicationTests">
        <test-method signature="contextLoads()[pri:0, instance:com.bezkoder.springjwt.SpringBootSecurityJwtApplicationTests@47d90b9e]" started-at="2023-01-21T21:20:12 EST" name="contextLoads" finished-at="2023-01-21T21:20:12 EST" duration-ms="5" status="PASS">
          <reporter-output>
          </reporter-output>
        </test-method> <!-- contextLoads -->
      </class> <!-- com.bezkoder.springjwt.SpringBootSecurityJwtApplicationTests -->
    </test> <!-- Surefire test -->
  </suite> <!-- Surefire suite -->
</testng-results>
